<?xml version="1.0" encoding="UTF-8"?>
<testsuite name="com.example.crypto_backend.CryptoBackendApplicationTests" tests="1" skipped="0" failures="0" errors="0" timestamp="2025-01-27T08:45:27" hostname="ADMIN-PC" time="0.659">
  <properties/>
  <testcase name="contextLoads()" classname="com.example.crypto_backend.CryptoBackendApplicationTests" time="0.659"/>
  <system-out><![CDATA[15:45:25.712 [Test worker] INFO org.springframework.test.context.support.AnnotationConfigContextLoaderUtils -- Could not detect default configuration classes for test class [com.example.crypto_backend.CryptoBackendApplicationTests]: CryptoBackendApplicationTests does not declare any static, non-private, non-final, nested classes annotated with @Configuration.
15:45:25.787 [Test worker] INFO org.springframework.boot.test.context.SpringBootTestContextBootstrapper -- Found @SpringBootConfiguration com.example.crypto_backend.CryptoBackendApplication for test class com.example.crypto_backend.CryptoBackendApplicationTests

  .   ____          _            __ _ _
 /\\ / ___'_ __ _ _(_)_ __  __ _ \ \ \ \
( ( )\___ | '_ | '_| | '_ \/ _` | \ \ \ \
 \\/  ___)| |_)| | | | | || (_| |  ) ) ) )
  '  |____| .__|_| |_|_| |_\__, | / / / /
 =========|_|==============|___/=/_/_/_/

 :: Spring Boot ::                (v3.3.1)

2025-01-27T15:45:26.059+07:00  INFO 5324 --- [crypto-backend] [    Test worker] c.e.c.CryptoBackendApplicationTests      : Starting CryptoBackendApplicationTests using Java 17.0.12 with PID 5324 (started by Admin in D:\sang\crypto_backend)
2025-01-27T15:45:26.060+07:00  INFO 5324 --- [crypto-backend] [    Test worker] c.e.c.CryptoBackendApplicationTests      : No active profile set, falling back to 1 default profile: "default"
2025-01-27T15:45:26.487+07:00  INFO 5324 --- [crypto-backend] [    Test worker] .s.d.r.c.RepositoryConfigurationDelegate : Bootstrapping Spring Data MongoDB repositories in DEFAULT mode.
2025-01-27T15:45:26.530+07:00  INFO 5324 --- [crypto-backend] [    Test worker] .s.d.r.c.RepositoryConfigurationDelegate : Finished Spring Data repository scanning in 40 ms. Found 2 MongoDB repository interfaces.
2025-01-27T15:45:27.065+07:00  INFO 5324 --- [crypto-backend] [    Test worker] org.mongodb.driver.client                : MongoClient with metadata {"driver": {"name": "mongo-java-driver|sync|spring-boot", "version": "5.0.1"}, "os": {"type": "Windows", "name": "Windows 11", "architecture": "amd64", "version": "10.0"}, "platform": "Java/JetBrains s.r.o./17.0.12+1-b1207.37"} created with settings MongoClientSettings{readPreference=primary, writeConcern=WriteConcern{w=null, wTimeout=null ms, journal=null}, retryWrites=true, retryReads=true, readConcern=ReadConcern{level=null}, credential=MongoCredential{mechanism=null, userName='sang7b7b', source='admin', password=<hidden>, mechanismProperties=<hidden>}, transportSettings=null, commandListeners=[], codecRegistry=ProvidersCodecRegistry{codecProviders=[ValueCodecProvider{}, BsonValueCodecProvider{}, DBRefCodecProvider{}, DBObjectCodecProvider{}, DocumentCodecProvider{}, CollectionCodecProvider{}, IterableCodecProvider{}, MapCodecProvider{}, GeoJsonCodecProvider{}, GridFSFileCodecProvider{}, Jsr310CodecProvider{}, JsonObjectCodecProvider{}, BsonCodecProvider{}, EnumCodecProvider{}, com.mongodb.client.model.mql.ExpressionCodecProvider@3663d0ba, com.mongodb.Jep395RecordCodecProvider@575cabf0, com.mongodb.KotlinCodecProvider@433d9680]}, loggerSettings=LoggerSettings{maxDocumentLength=1000}, clusterSettings={hosts=[127.0.0.1:27017], srvHost=ccluster.8axkrnr.mongodb.net, srvServiceName=mongodb, mode=MULTIPLE, requiredClusterType=REPLICA_SET, requiredReplicaSetName='atlas-hhejri-shard-0', serverSelector='null', clusterListeners='[]', serverSelectionTimeout='30000 ms', localThreshold='15 ms'}, socketSettings=SocketSettings{connectTimeoutMS=10000, readTimeoutMS=0, receiveBufferSize=0, proxySettings=ProxySettings{host=null, port=null, username=null, password=null}}, heartbeatSocketSettings=SocketSettings{connectTimeoutMS=10000, readTimeoutMS=10000, receiveBufferSize=0, proxySettings=ProxySettings{host=null, port=null, username=null, password=null}}, connectionPoolSettings=ConnectionPoolSettings{maxSize=100, minSize=0, maxWaitTimeMS=120000, maxConnectionLifeTimeMS=0, maxConnectionIdleTimeMS=0, maintenanceInitialDelayMS=0, maintenanceFrequencyMS=60000, connectionPoolListeners=[], maxConnecting=2}, serverSettings=ServerSettings{heartbeatFrequencyMS=10000, minHeartbeatFrequencyMS=500, serverListeners='[]', serverMonitorListeners='[]'}, sslSettings=SslSettings{enabled=true, invalidHostNameAllowed=false, context=null}, applicationName='null', compressorList=[], uuidRepresentation=JAVA_LEGACY, serverApi=null, autoEncryptionSettings=null, dnsClient=null, inetAddressResolver=null, contextProvider=null}
2025-01-27T15:45:27.248+07:00  INFO 5324 --- [crypto-backend] [rnr.mongodb.net] org.mongodb.driver.cluster               : Adding discovered server ac-9rb7ryd-shard-00-00.8axkrnr.mongodb.net:27017 to client view of cluster
2025-01-27T15:45:27.265+07:00  INFO 5324 --- [crypto-backend] [rnr.mongodb.net] org.mongodb.driver.cluster               : Adding discovered server ac-9rb7ryd-shard-00-01.8axkrnr.mongodb.net:27017 to client view of cluster
2025-01-27T15:45:27.267+07:00  INFO 5324 --- [crypto-backend] [rnr.mongodb.net] org.mongodb.driver.cluster               : Adding discovered server ac-9rb7ryd-shard-00-02.8axkrnr.mongodb.net:27017 to client view of cluster
2025-01-27T15:45:27.794+07:00  INFO 5324 --- [crypto-backend] [    Test worker] c.e.c.CryptoBackendApplicationTests      : Started CryptoBackendApplicationTests in 1.882 seconds (process running for 2.696)
2025-01-27T15:45:27.943+07:00  INFO 5324 --- [crypto-backend] [ngodb.net:27017] org.mongodb.driver.cluster               : Monitor thread successfully connected to server with description ServerDescription{address=ac-9rb7ryd-shard-00-02.8axkrnr.mongodb.net:27017, type=REPLICA_SET_SECONDARY, state=CONNECTED, ok=true, minWireVersion=0, maxWireVersion=25, maxDocumentSize=16777216, logicalSessionTimeoutMinutes=30, roundTripTimeNanos=260356800, setName='atlas-hhejri-shard-0', canonicalAddress=ac-9rb7ryd-shard-00-02.8axkrnr.mongodb.net:27017, hosts=[ac-9rb7ryd-shard-00-00.8axkrnr.mongodb.net:27017, ac-9rb7ryd-shard-00-01.8axkrnr.mongodb.net:27017, ac-9rb7ryd-shard-00-02.8axkrnr.mongodb.net:27017], passives=[], arbiters=[], primary='ac-9rb7ryd-shard-00-01.8axkrnr.mongodb.net:27017', tagSet=TagSet{[Tag{name='availabilityZone', value='apse1-az3'}, Tag{name='diskState', value='READY'}, Tag{name='nodeType', value='ELECTABLE'}, Tag{name='provider', value='AWS'}, Tag{name='region', value='AP_SOUTHEAST_1'}, Tag{name='workloadType', value='OPERATIONAL'}]}, electionId=null, setVersion=450, topologyVersion=TopologyVersion{processId=6796bc8baebd4118bc0d8c7e, counter=3}, lastWriteDate=Mon Jan 27 15:45:27 GMT+07:00 2025, lastUpdateTimeNanos=23105118068600}
2025-01-27T15:45:27.943+07:00  INFO 5324 --- [crypto-backend] [ngodb.net:27017] org.mongodb.driver.cluster               : Monitor thread successfully connected to server with description ServerDescription{address=ac-9rb7ryd-shard-00-00.8axkrnr.mongodb.net:27017, type=REPLICA_SET_SECONDARY, state=CONNECTED, ok=true, minWireVersion=0, maxWireVersion=25, maxDocumentSize=16777216, logicalSessionTimeoutMinutes=30, roundTripTimeNanos=326027600, setName='atlas-hhejri-shard-0', canonicalAddress=ac-9rb7ryd-shard-00-00.8axkrnr.mongodb.net:27017, hosts=[ac-9rb7ryd-shard-00-00.8axkrnr.mongodb.net:27017, ac-9rb7ryd-shard-00-01.8axkrnr.mongodb.net:27017, ac-9rb7ryd-shard-00-02.8axkrnr.mongodb.net:27017], passives=[], arbiters=[], primary='ac-9rb7ryd-shard-00-01.8axkrnr.mongodb.net:27017', tagSet=TagSet{[Tag{name='availabilityZone', value='apse1-az1'}, Tag{name='diskState', value='READY'}, Tag{name='nodeType', value='ELECTABLE'}, Tag{name='provider', value='AWS'}, Tag{name='region', value='AP_SOUTHEAST_1'}, Tag{name='workloadType', value='OPERATIONAL'}]}, electionId=null, setVersion=450, topologyVersion=TopologyVersion{processId=6796bb71898a1f72c6a84042, counter=4}, lastWriteDate=Mon Jan 27 15:45:27 GMT+07:00 2025, lastUpdateTimeNanos=23105118077500}
2025-01-27T15:45:27.943+07:00  INFO 5324 --- [crypto-backend] [ngodb.net:27017] org.mongodb.driver.cluster               : Monitor thread successfully connected to server with description ServerDescription{address=ac-9rb7ryd-shard-00-01.8axkrnr.mongodb.net:27017, type=REPLICA_SET_PRIMARY, state=CONNECTED, ok=true, minWireVersion=0, maxWireVersion=25, maxDocumentSize=16777216, logicalSessionTimeoutMinutes=30, roundTripTimeNanos=318151900, setName='atlas-hhejri-shard-0', canonicalAddress=ac-9rb7ryd-shard-00-01.8axkrnr.mongodb.net:27017, hosts=[ac-9rb7ryd-shard-00-00.8axkrnr.mongodb.net:27017, ac-9rb7ryd-shard-00-01.8axkrnr.mongodb.net:27017, ac-9rb7ryd-shard-00-02.8axkrnr.mongodb.net:27017], passives=[], arbiters=[], primary='ac-9rb7ryd-shard-00-01.8axkrnr.mongodb.net:27017', tagSet=TagSet{[Tag{name='availabilityZone', value='apse1-az2'}, Tag{name='diskState', value='READY'}, Tag{name='nodeType', value='ELECTABLE'}, Tag{name='provider', value='AWS'}, Tag{name='region', value='AP_SOUTHEAST_1'}, Tag{name='workloadType', value='OPERATIONAL'}]}, electionId=7fffffff0000000000000242, setVersion=450, topologyVersion=TopologyVersion{processId=6796ba79b0c92fc0a6d710a5, counter=6}, lastWriteDate=Mon Jan 27 15:45:27 GMT+07:00 2025, lastUpdateTimeNanos=23105120683800}
2025-01-27T15:45:27.947+07:00  INFO 5324 --- [crypto-backend] [ngodb.net:27017] org.mongodb.driver.cluster               : Discovered replica set primary ac-9rb7ryd-shard-00-01.8axkrnr.mongodb.net:27017 with max election id 7fffffff0000000000000242 and max set version 450
]]></system-out>
  <system-err><![CDATA[]]></system-err>
</testsuite>
